d:\file\ood-project\management\management\x64\debug\management.pch
d:\file\ood-project\management\management\x64\debug\vc143.pdb
d:\file\ood-project\management\management\x64\debug\vc143.idb
d:\file\ood-project\management\management\x64\debug\pch.obj
d:\file\ood-project\management\management\x64\debug\testdlg.obj
d:\file\ood-project\management\management\x64\debug\managementdlg.obj
d:\file\ood-project\management\management\x64\debug\management.obj
d:\file\ood课设\management\x64\debug\management.exe
d:\file\ood课设\management\x64\debug\management.pdb
d:\file\ood课设\management\management\x64\debug\management.res
d:\file\ood-project\management\management\x64\debug\management.res
d:\file\ood-project\management\management\x64\debug\management.ilk
d:\file\ood-project\management\x64\debug\management.pdb
d:\file\ood-project\management\management\x64\debug\management.tlog\cl.command.1.tlog
d:\file\ood-project\management\management\x64\debug\management.tlog\cl.items.tlog
d:\file\ood-project\management\management\x64\debug\management.tlog\cl.read.1.tlog
d:\file\ood-project\management\management\x64\debug\management.tlog\cl.write.1.tlog
d:\file\ood-project\management\management\x64\debug\management.tlog\link-cvtres.read.1.tlog
d:\file\ood-project\management\management\x64\debug\management.tlog\link-cvtres.write.1.tlog
d:\file\ood-project\management\management\x64\debug\management.tlog\link-mt.read.1.tlog
d:\file\ood-project\management\management\x64\debug\management.tlog\link-mt.write.1.tlog
d:\file\ood-project\management\management\x64\debug\management.tlog\link-rc.read.1.tlog
d:\file\ood-project\management\management\x64\debug\management.tlog\link-rc.write.1.tlog
d:\file\ood-project\management\management\x64\debug\management.tlog\link.33068-cvtres.read.1.tlog
d:\file\ood-project\management\management\x64\debug\management.tlog\link.33068-cvtres.write.1.tlog
d:\file\ood-project\management\management\x64\debug\management.tlog\link.33068-mt.read.1.tlog
d:\file\ood-project\management\management\x64\debug\management.tlog\link.33068-mt.write.1.tlog
d:\file\ood-project\management\management\x64\debug\management.tlog\link.33068-rc.read.1.tlog
d:\file\ood-project\management\management\x64\debug\management.tlog\link.33068-rc.write.1.tlog
d:\file\ood-project\management\management\x64\debug\management.tlog\link.33068.read.1.tlog
d:\file\ood-project\management\management\x64\debug\management.tlog\link.33068.read.2.tlog
d:\file\ood-project\management\management\x64\debug\management.tlog\link.33068.read.3.tlog
d:\file\ood-project\management\management\x64\debug\management.tlog\link.33068.read.4.tlog
d:\file\ood-project\management\management\x64\debug\management.tlog\link.33068.write.1.tlog
d:\file\ood-project\management\management\x64\debug\management.tlog\link.command.1.tlog
d:\file\ood-project\management\management\x64\debug\management.tlog\link.read.1.tlog
d:\file\ood-project\management\management\x64\debug\management.tlog\link.read.2.tlog
d:\file\ood-project\management\management\x64\debug\management.tlog\link.read.3.tlog
d:\file\ood-project\management\management\x64\debug\management.tlog\link.read.4.tlog
d:\file\ood-project\management\management\x64\debug\management.tlog\link.secondary.1.tlog
d:\file\ood-project\management\management\x64\debug\management.tlog\link.write.1.tlog
d:\file\ood-project\management\management\x64\debug\management.tlog\rc.command.1.tlog
d:\file\ood-project\management\management\x64\debug\management.tlog\rc.read.1.tlog
d:\file\ood-project\management\management\x64\debug\management.tlog\rc.write.1.tlog
